[INFO ] 2021-04-14 13:15:15.928 [main] CommonFilters - Screenshot : Screen captured
[INFO ] 2021-04-14 13:15:32.273 [main] RunAllInForLoop - Currently OraFin_to_CISP_CapitalCosts is Running
[INFO ] 2021-04-14 13:15:32.273 [main] RunAllInForLoop - Currently OraFin_to_CISP_CapitalCosts is Running
[INFO ] 2021-04-14 13:15:41.508 [main] RunAllInForLoop - Process - OraFin_to_CISP_CapitalCosts is completed
[INFO ] 2021-04-14 13:15:41.508 [main] RunAllInForLoop - Process - OraFin_to_CISP_CapitalCosts is completed
[INFO ] 2021-04-14 13:15:41.854 [main] RunAllInForLoop - Currently CISP_to_JMS_T_CapProject is Running
[INFO ] 2021-04-14 13:15:41.854 [main] RunAllInForLoop - Currently CISP_to_JMS_T_CapProject is Running
[INFO ] 2021-04-14 13:15:49.607 [main] RunAllInForLoop - Process - CISP_to_JMS_T_CapProject is completed
[INFO ] 2021-04-14 13:15:49.607 [main] RunAllInForLoop - Process - CISP_to_JMS_T_CapProject is completed
[INFO ] 2021-04-14 13:15:49.834 [main] RunAllInForLoop - Currently WUB_to_Critiqom_BillPrint_Passthru is Running
[INFO ] 2021-04-14 13:15:49.834 [main] RunAllInForLoop - Currently WUB_to_Critiqom_BillPrint_Passthru is Running
[INFO ] 2021-04-14 13:16:47.838 [main] RunAllInForLoop - Process - WUB_to_Critiqom_BillPrint_Passthru is completed
[INFO ] 2021-04-14 13:16:47.838 [main] RunAllInForLoop - Process - WUB_to_Critiqom_BillPrint_Passthru is completed
[INFO ] 2021-04-14 13:16:48.376 [main] RunAllInForLoop - Currently WUB_to_Critiqom_DunningLettersGen_Passthru is Running
[INFO ] 2021-04-14 13:16:48.376 [main] RunAllInForLoop - Currently WUB_to_Critiqom_DunningLettersGen_Passthru is Running
[INFO ] 2021-04-14 13:17:45.624 [main] RunAllInForLoop - Process - WUB_to_Critiqom_DunningLettersGen_Passthru is completed
[INFO ] 2021-04-14 13:17:45.624 [main] RunAllInForLoop - Process - WUB_to_Critiqom_DunningLettersGen_Passthru is completed
[INFO ] 2021-04-14 13:17:45.818 [main] RunAllInForLoop - Currently Ellipse_to_JMS_Q_WOActivity is Running
[INFO ] 2021-04-14 13:17:45.818 [main] RunAllInForLoop - Currently Ellipse_to_JMS_Q_WOActivity is Running
[INFO ] 2021-04-14 13:18:43.407 [main] RunAllInForLoop - Process - Ellipse_to_JMS_Q_WOActivity is completed
[INFO ] 2021-04-14 13:18:43.407 [main] RunAllInForLoop - Process - Ellipse_to_JMS_Q_WOActivity is completed
[INFO ] 2021-04-14 13:18:43.673 [main] RunAllInForLoop - Currently JMS_Q_Activity_OPEX_XML_to_Orafin is Running
[INFO ] 2021-04-14 13:18:43.673 [main] RunAllInForLoop - Currently JMS_Q_Activity_OPEX_XML_to_Orafin is Running
[INFO ] 2021-04-14 13:19:35.102 [main] RunAllInForLoop - Process - JMS_Q_Activity_OPEX_XML_to_Orafin is completed
[INFO ] 2021-04-14 13:19:35.102 [main] RunAllInForLoop - Process - JMS_Q_Activity_OPEX_XML_to_Orafin is completed
[INFO ] 2021-04-14 13:19:35.422 [main] RunAllInForLoop - Currently JMS_Q_Activity_CAPEX_XML_to_Orafin is Running
[INFO ] 2021-04-14 13:19:35.422 [main] RunAllInForLoop - Currently JMS_Q_Activity_CAPEX_XML_to_Orafin is Running
[INFO ] 2021-04-14 13:20:27.008 [main] RunAllInForLoop - Process - JMS_Q_Activity_CAPEX_XML_to_Orafin is completed
[INFO ] 2021-04-14 13:20:27.008 [main] RunAllInForLoop - Process - JMS_Q_Activity_CAPEX_XML_to_Orafin is completed
[INFO ] 2021-04-14 13:20:27.335 [main] RunAllInForLoop - Currently Ellipse_to_JMS_Q_BillIN_XML_Billing is Running
[INFO ] 2021-04-14 13:20:27.335 [main] RunAllInForLoop - Currently Ellipse_to_JMS_Q_BillIN_XML_Billing is Running
[INFO ] 2021-04-14 13:21:34.086 [main] RunAllInForLoop - Process - Ellipse_to_JMS_Q_BillIN_XML_Billing is completed
[INFO ] 2021-04-14 13:21:34.086 [main] RunAllInForLoop - Process - Ellipse_to_JMS_Q_BillIN_XML_Billing is completed
[INFO ] 2021-04-14 13:21:34.313 [main] RunAllInForLoop - Currently Ellipse_to_Orafin_POReceipts_test is Running
[INFO ] 2021-04-14 13:21:34.313 [main] RunAllInForLoop - Currently Ellipse_to_Orafin_POReceipts_test is Running
[INFO ] 2021-04-14 13:25:18.474 [main] RunAllInForLoop - Process - Ellipse_to_Orafin_POReceipts_test is completed
[INFO ] 2021-04-14 13:25:18.474 [main] RunAllInForLoop - Process - Ellipse_to_Orafin_POReceipts_test is completed
[INFO ] 2021-04-14 13:25:18.718 [main] RunAllInForLoop - Currently Ellipse_To_Orafin_POCreate_test is Running
[INFO ] 2021-04-14 13:25:18.718 [main] RunAllInForLoop - Currently Ellipse_To_Orafin_POCreate_test is Running
[INFO ] 2021-04-14 13:27:46.924 [main] RunAllInForLoop - Process - Ellipse_To_Orafin_POCreate_test is completed
[INFO ] 2021-04-14 13:27:46.924 [main] RunAllInForLoop - Process - Ellipse_To_Orafin_POCreate_test is completed
[INFO ] 2021-04-14 13:27:47.152 [main] RunAllInForLoop - Currently Ellipse_to_JMS_Q_WOCost_XML_WOStockIssue is Running
[INFO ] 2021-04-14 13:27:47.152 [main] RunAllInForLoop - Currently Ellipse_to_JMS_Q_WOCost_XML_WOStockIssue is Running
[INFO ] 2021-04-14 13:28:44.192 [main] RunAllInForLoop - Process - Ellipse_to_JMS_Q_WOCost_XML_WOStockIssue is completed
[INFO ] 2021-04-14 13:28:44.192 [main] RunAllInForLoop - Process - Ellipse_to_JMS_Q_WOCost_XML_WOStockIssue is completed
[INFO ] 2021-04-14 13:28:44.430 [main] RunAllInForLoop - Currently Ellipse_to_JMS_Q_WOCost_XML_WOLaborCost is Running
[INFO ] 2021-04-14 13:28:44.430 [main] RunAllInForLoop - Currently Ellipse_to_JMS_Q_WOCost_XML_WOLaborCost is Running
[INFO ] 2021-04-14 13:30:19.613 [main] RunAllInForLoop - Process - Ellipse_to_JMS_Q_WOCost_XML_WOLaborCost is completed
[INFO ] 2021-04-14 13:30:19.613 [main] RunAllInForLoop - Process - Ellipse_to_JMS_Q_WOCost_XML_WOLaborCost is completed
[INFO ] 2021-04-14 13:30:19.813 [main] RunAllInForLoop - Currently JMS_Q_WOCost_XML_to_OraFin is Running
[INFO ] 2021-04-14 13:30:19.813 [main] RunAllInForLoop - Currently JMS_Q_WOCost_XML_to_OraFin is Running
[INFO ] 2021-04-14 13:32:19.894 [main] RunAllInForLoop - Process - JMS_Q_WOCost_XML_to_OraFin is completed
[INFO ] 2021-04-14 13:32:19.894 [main] RunAllInForLoop - Process - JMS_Q_WOCost_XML_to_OraFin is completed
[INFO ] 2021-04-14 13:32:20.137 [main] RunAllInForLoop - Currently Gemini_to_WUB_STBillDtls is Running
[INFO ] 2021-04-14 13:32:20.137 [main] RunAllInForLoop - Currently Gemini_to_WUB_STBillDtls is Running
[INFO ] 2021-04-14 13:33:22.187 [main] RunAllInForLoop - Process - Gemini_to_WUB_STBillDtls is completed
[INFO ] 2021-04-14 13:33:22.187 [main] RunAllInForLoop - Process - Gemini_to_WUB_STBillDtls is completed
[INFO ] 2021-04-14 13:33:22.530 [main] RunAllInForLoop - Currently Gemini_to_WUB_NewCustCreation is Running
[INFO ] 2021-04-14 13:33:22.530 [main] RunAllInForLoop - Currently Gemini_to_WUB_NewCustCreation is Running
[INFO ] 2021-04-14 13:35:08.644 [main] RunAllInForLoop - Process - Gemini_to_WUB_NewCustCreation is completed
[INFO ] 2021-04-14 13:35:08.644 [main] RunAllInForLoop - Process - Gemini_to_WUB_NewCustCreation is completed
[INFO ] 2021-04-14 13:35:08.966 [main] RunAllInForLoop - Currently WUB_to_JMS_Q_NewCustRef is Running
[INFO ] 2021-04-14 13:35:08.966 [main] RunAllInForLoop - Currently WUB_to_JMS_Q_NewCustRef is Running
[INFO ] 2021-04-14 13:36:07.266 [main] RunAllInForLoop - Process - WUB_to_JMS_Q_NewCustRef is completed
[INFO ] 2021-04-14 13:36:07.266 [main] RunAllInForLoop - Process - WUB_to_JMS_Q_NewCustRef is completed
[INFO ] 2021-04-14 13:36:07.492 [main] RunAllInForLoop - Currently JMS_Q_to_Gemini_NewCustRef is Running
[INFO ] 2021-04-14 13:36:07.492 [main] RunAllInForLoop - Currently JMS_Q_to_Gemini_NewCustRef is Running
[INFO ] 2021-04-14 13:37:04.959 [main] RunAllInForLoop - Process - JMS_Q_to_Gemini_NewCustRef is completed
[INFO ] 2021-04-14 13:37:04.959 [main] RunAllInForLoop - Process - JMS_Q_to_Gemini_NewCustRef is completed
[INFO ] 2021-04-14 13:37:05.199 [main] RunAllInForLoop - Currently WUB_to_JMS_Q_NewInvcBill is Running
[INFO ] 2021-04-14 13:37:05.199 [main] RunAllInForLoop - Currently WUB_to_JMS_Q_NewInvcBill is Running
[INFO ] 2021-04-14 13:38:02.119 [main] RunAllInForLoop - Process - WUB_to_JMS_Q_NewInvcBill is completed
[INFO ] 2021-04-14 13:38:02.119 [main] RunAllInForLoop - Process - WUB_to_JMS_Q_NewInvcBill is completed
[INFO ] 2021-04-14 13:38:02.345 [main] RunAllInForLoop - Currently JMS_Q_to_Gemini_NewInvcBill is Running
[INFO ] 2021-04-14 13:38:02.345 [main] RunAllInForLoop - Currently JMS_Q_to_Gemini_NewInvcBill is Running
[INFO ] 2021-04-14 13:38:59.873 [main] RunAllInForLoop - Process - JMS_Q_to_Gemini_NewInvcBill is completed
[INFO ] 2021-04-14 13:38:59.873 [main] RunAllInForLoop - Process - JMS_Q_to_Gemini_NewInvcBill is completed
[INFO ] 2021-04-14 13:39:00.161 [main] RunAllInForLoop - Currently WUB_to_JMS_Q_PymtDtls is Running
[INFO ] 2021-04-14 13:39:00.161 [main] RunAllInForLoop - Currently WUB_to_JMS_Q_PymtDtls is Running
[INFO ] 2021-04-14 13:39:57.452 [main] RunAllInForLoop - Process - WUB_to_JMS_Q_PymtDtls is completed
[INFO ] 2021-04-14 13:39:57.452 [main] RunAllInForLoop - Process - WUB_to_JMS_Q_PymtDtls is completed
[INFO ] 2021-04-14 13:39:57.717 [main] RunAllInForLoop - Currently JMS_Q_to_Gemini_PymtDtls is Running
[INFO ] 2021-04-14 13:39:57.717 [main] RunAllInForLoop - Currently JMS_Q_to_Gemini_PymtDtls is Running
[INFO ] 2021-04-14 13:40:55.354 [main] RunAllInForLoop - Process - JMS_Q_to_Gemini_PymtDtls is completed
[INFO ] 2021-04-14 13:40:55.354 [main] RunAllInForLoop - Process - JMS_Q_to_Gemini_PymtDtls is completed
[INFO ] 2021-04-14 13:40:55.574 [main] RunAllInForLoop - Currently MSD365_to_JMS_Q_WUB_BillDtls is Running
[INFO ] 2021-04-14 13:40:55.574 [main] RunAllInForLoop - Currently MSD365_to_JMS_Q_WUB_BillDtls is Running
[INFO ] 2021-04-14 13:44:14.185 [main] RunAllInForLoop - Process - MSD365_to_JMS_Q_WUB_BillDtls is completed
[INFO ] 2021-04-14 13:44:14.185 [main] RunAllInForLoop - Process - MSD365_to_JMS_Q_WUB_BillDtls is completed
[INFO ] 2021-04-14 13:44:14.382 [main] RunAllInForLoop - Currently JMS_Q_InvoiceCDM_to_WUB_BillDtls is Running
[INFO ] 2021-04-14 13:44:14.382 [main] RunAllInForLoop - Currently JMS_Q_InvoiceCDM_to_WUB_BillDtls is Running
[INFO ] 2021-04-14 13:52:56.352 [main] RunAllInForLoop - Process - JMS_Q_InvoiceCDM_to_WUB_BillDtls is completed
[INFO ] 2021-04-14 13:52:56.352 [main] RunAllInForLoop - Process - JMS_Q_InvoiceCDM_to_WUB_BillDtls is completed
[INFO ] 2021-04-14 13:52:56.556 [main] RunAllInForLoop - Currently WUB_to_JMS_Q_NewDomesticBillDtls is Running
[INFO ] 2021-04-14 13:52:56.556 [main] RunAllInForLoop - Currently WUB_to_JMS_Q_NewDomesticBillDtls is Running
[INFO ] 2021-04-14 13:53:52.169 [main] RunAllInForLoop - Process - WUB_to_JMS_Q_NewDomesticBillDtls is completed
[INFO ] 2021-04-14 13:53:52.169 [main] RunAllInForLoop - Process - WUB_to_JMS_Q_NewDomesticBillDtls is completed
[INFO ] 2021-04-14 13:53:52.367 [main] RunAllInForLoop - Currently Ls-JMS_Q_MSD365_NewDomesticBillDtls is Running
[INFO ] 2021-04-14 13:53:52.367 [main] RunAllInForLoop - Currently Ls-JMS_Q_MSD365_NewDomesticBillDtls is Running
[INFO ] 2021-04-14 13:54:35.647 [main] RunAllInForLoop - Process - Ls-JMS_Q_MSD365_NewDomesticBillDtls is completed
[INFO ] 2021-04-14 13:54:35.647 [main] RunAllInForLoop - Process - Ls-JMS_Q_MSD365_NewDomesticBillDtls is completed
[INFO ] 2021-04-14 13:54:35.843 [main] RunAllInForLoop - Currently MSD365_to_JMS_Q_Uplift_Provisions is Running
[INFO ] 2021-04-14 13:54:35.843 [main] RunAllInForLoop - Currently MSD365_to_JMS_Q_Uplift_Provisions is Running
[INFO ] 2021-04-14 13:54:43.061 [main] RunAllInForLoop - Process - MSD365_to_JMS_Q_Uplift_Provisions is completed
[INFO ] 2021-04-14 13:54:43.061 [main] RunAllInForLoop - Process - MSD365_to_JMS_Q_Uplift_Provisions is completed
[INFO ] 2021-04-14 13:54:43.251 [main] RunAllInForLoop - Currently JMS_Q_to_OraFin_Uplift&Provisions is Running
[INFO ] 2021-04-14 13:54:43.251 [main] RunAllInForLoop - Currently JMS_Q_to_OraFin_Uplift&Provisions is Running
[INFO ] 2021-04-14 13:55:38.645 [main] RunAllInForLoop - Process - JMS_Q_to_OraFin_Uplift&Provisions is completed
[INFO ] 2021-04-14 13:55:38.645 [main] RunAllInForLoop - Process - JMS_Q_to_OraFin_Uplift&Provisions is completed
[INFO ] 2021-04-14 13:55:38.857 [main] RunAllInForLoop - Currently MSD365_to_JMS_Q_RCC_Payment is Running
[INFO ] 2021-04-14 13:55:38.857 [main] RunAllInForLoop - Currently MSD365_to_JMS_Q_RCC_Payment is Running
[INFO ] 2021-04-14 13:55:46.401 [main] RunAllInForLoop - Process - MSD365_to_JMS_Q_RCC_Payment is completed
[INFO ] 2021-04-14 13:55:46.401 [main] RunAllInForLoop - Process - MSD365_to_JMS_Q_RCC_Payment is completed
[INFO ] 2021-04-14 13:55:46.593 [main] RunAllInForLoop - Currently Ls-JMS_Q_to_OraFin_RCC_Payment is Running
[INFO ] 2021-04-14 13:55:46.593 [main] RunAllInForLoop - Currently Ls-JMS_Q_to_OraFin_RCC_Payment is Running
[INFO ] 2021-04-14 13:56:42.281 [main] RunAllInForLoop - Process - Ls-JMS_Q_to_OraFin_RCC_Payment is completed
[INFO ] 2021-04-14 13:56:42.281 [main] RunAllInForLoop - Process - Ls-JMS_Q_to_OraFin_RCC_Payment is completed
[INFO ] 2021-04-14 13:56:42.481 [main] RunAllInForLoop - Currently MSD365_to_JMS_Q_Non_Domestic_Billing_Intermediate is Running
[INFO ] 2021-04-14 13:56:42.481 [main] RunAllInForLoop - Currently MSD365_to_JMS_Q_Non_Domestic_Billing_Intermediate is Running
[INFO ] 2021-04-14 13:58:23.802 [main] RunAllInForLoop - Process - MSD365_to_JMS_Q_Non_Domestic_Billing_Intermediate is completed
[INFO ] 2021-04-14 13:58:23.802 [main] RunAllInForLoop - Process - MSD365_to_JMS_Q_Non_Domestic_Billing_Intermediate is completed
[INFO ] 2021-04-14 13:58:24.006 [main] RunAllInForLoop - Currently MSD365_to_JMS_Q_Non_Domestic_Billing is Running
[INFO ] 2021-04-14 13:58:24.006 [main] RunAllInForLoop - Currently MSD365_to_JMS_Q_Non_Domestic_Billing is Running
[INFO ] 2021-04-14 14:00:23.115 [main] RunAllInForLoop - Process - MSD365_to_JMS_Q_Non_Domestic_Billing is completed
[INFO ] 2021-04-14 14:00:23.115 [main] RunAllInForLoop - Process - MSD365_to_JMS_Q_Non_Domestic_Billing is completed
[INFO ] 2021-04-14 14:00:23.300 [main] RunAllInForLoop - Currently OraFin_to_JMS_Q_ProjectsInfo is Running
[INFO ] 2021-04-14 14:00:23.300 [main] RunAllInForLoop - Currently OraFin_to_JMS_Q_ProjectsInfo is Running
[INFO ] 2021-04-14 14:01:27.866 [main] RunAllInForLoop - Process - OraFin_to_JMS_Q_ProjectsInfo is completed
[INFO ] 2021-04-14 14:01:27.866 [main] RunAllInForLoop - Process - OraFin_to_JMS_Q_ProjectsInfo is completed
[INFO ] 2021-04-14 14:01:28.157 [main] RunAllInForLoop - Currently JMS_Q_to_WUB_ProjectsInfo is Running
[INFO ] 2021-04-14 14:01:28.157 [main] RunAllInForLoop - Currently JMS_Q_to_WUB_ProjectsInfo is Running
[INFO ] 2021-04-14 14:02:19.980 [main] CommonFilters - Process count does not matched5420 != 41000
[INFO ] 2021-04-14 14:02:20.566 [main] RunAllInForLoop - Process - JMS_Q_to_WUB_ProjectsInfo is completed
[INFO ] 2021-04-14 14:02:20.566 [main] RunAllInForLoop - Process - JMS_Q_to_WUB_ProjectsInfo is completed
[INFO ] 2021-04-14 14:02:20.766 [main] RunAllInForLoop - Currently JMS_Q_BillIN_XML_to_WUB_Billing is Running
[INFO ] 2021-04-14 14:02:20.766 [main] RunAllInForLoop - Currently JMS_Q_BillIN_XML_to_WUB_Billing is Running
[INFO ] 2021-04-14 14:02:28.339 [main] RunAllInForLoop - Process - JMS_Q_BillIN_XML_to_WUB_Billing is completed
[INFO ] 2021-04-14 14:02:28.339 [main] RunAllInForLoop - Process - JMS_Q_BillIN_XML_to_WUB_Billing is completed
[INFO ] 2021-04-14 14:02:28.525 [main] RunAllInForLoop - Currently HCM_to_OraFin_User is Running
[INFO ] 2021-04-14 14:02:28.525 [main] RunAllInForLoop - Currently HCM_to_OraFin_User is Running
[INFO ] 2021-04-14 14:02:35.316 [main] RunAllInForLoop - Process - HCM_to_OraFin_User is completed
[INFO ] 2021-04-14 14:02:35.316 [main] RunAllInForLoop - Process - HCM_to_OraFin_User is completed
[INFO ] 2021-04-14 14:02:35.522 [main] RunAllInForLoop - Currently HCM_to_OraFin_EmpMaster_Payroll is Running
[INFO ] 2021-04-14 14:02:35.522 [main] RunAllInForLoop - Currently HCM_to_OraFin_EmpMaster_Payroll is Running
[INFO ] 2021-04-14 14:02:43.050 [main] RunAllInForLoop - Process - HCM_to_OraFin_EmpMaster_Payroll is completed
[INFO ] 2021-04-14 14:02:43.050 [main] RunAllInForLoop - Process - HCM_to_OraFin_EmpMaster_Payroll is completed
[INFO ] 2021-04-14 14:02:43.223 [main] RunAllInForLoop - Currently Tungsten_to_JMS_Q_eInvoiceDetails is Running
[INFO ] 2021-04-14 14:02:43.223 [main] RunAllInForLoop - Currently Tungsten_to_JMS_Q_eInvoiceDetails is Running
[INFO ] 2021-04-14 14:04:04.535 [main] RunAllInForLoop - Process - Tungsten_to_JMS_Q_eInvoiceDetails is completed
[INFO ] 2021-04-14 14:04:04.535 [main] RunAllInForLoop - Process - Tungsten_to_JMS_Q_eInvoiceDetails is completed
[INFO ] 2021-04-14 14:04:04.753 [main] RunAllInForLoop - Currently JMS_Q_eInvoice_to_OraFin is Running
[INFO ] 2021-04-14 14:04:04.753 [main] RunAllInForLoop - Currently JMS_Q_eInvoice_to_OraFin is Running
[INFO ] 2021-04-14 14:05:27.637 [main] RunAllInForLoop - Process - JMS_Q_eInvoice_to_OraFin is completed
[INFO ] 2021-04-14 14:05:27.637 [main] RunAllInForLoop - Process - JMS_Q_eInvoice_to_OraFin is completed
[INFO ] 2021-04-14 14:05:27.815 [main] RunAllInForLoop - Currently Unifier_to_JMS_VoucherNA_Capex is Running
[INFO ] 2021-04-14 14:05:27.815 [main] RunAllInForLoop - Currently Unifier_to_JMS_VoucherNA_Capex is Running
[INFO ] 2021-04-14 14:06:23.484 [main] RunAllInForLoop - Process - Unifier_to_JMS_VoucherNA_Capex is completed
[INFO ] 2021-04-14 14:06:23.484 [main] RunAllInForLoop - Process - Unifier_to_JMS_VoucherNA_Capex is completed
[INFO ] 2021-04-14 14:06:23.666 [main] RunAllInForLoop - Currently JMS_to_OraFin_VoucherNA_Capex is Running
[INFO ] 2021-04-14 14:06:23.666 [main] RunAllInForLoop - Currently JMS_to_OraFin_VoucherNA_Capex is Running
[INFO ] 2021-04-14 14:07:19.742 [main] RunAllInForLoop - Process - JMS_to_OraFin_VoucherNA_Capex is completed
[INFO ] 2021-04-14 14:07:19.742 [main] RunAllInForLoop - Process - JMS_to_OraFin_VoucherNA_Capex is completed
[INFO ] 2021-04-14 14:07:19.923 [main] RunAllInForLoop - Currently Unifier_to_JMS_VoucherNA_Opex is Running
[INFO ] 2021-04-14 14:07:19.923 [main] RunAllInForLoop - Currently Unifier_to_JMS_VoucherNA_Opex is Running
[INFO ] 2021-04-14 14:08:16.230 [main] RunAllInForLoop - Process - Unifier_to_JMS_VoucherNA_Opex is completed
[INFO ] 2021-04-14 14:08:16.230 [main] RunAllInForLoop - Process - Unifier_to_JMS_VoucherNA_Opex is completed
[INFO ] 2021-04-14 14:08:16.430 [main] RunAllInForLoop - Currently JMS_to_OraFin_VoucherNA_Opex is Running
[INFO ] 2021-04-14 14:08:16.430 [main] RunAllInForLoop - Currently JMS_to_OraFin_VoucherNA_Opex is Running
[INFO ] 2021-04-14 14:09:12.254 [main] RunAllInForLoop - Process - JMS_to_OraFin_VoucherNA_Opex is completed
[INFO ] 2021-04-14 14:09:12.254 [main] RunAllInForLoop - Process - JMS_to_OraFin_VoucherNA_Opex is completed
[INFO ] 2021-04-14 14:09:12.440 [main] RunAllInForLoop - Currently Unifier_to_JMS_ProjMiscCost is Running
[INFO ] 2021-04-14 14:09:12.440 [main] RunAllInForLoop - Currently Unifier_to_JMS_ProjMiscCost is Running
[INFO ] 2021-04-14 14:10:08.482 [main] RunAllInForLoop - Process - Unifier_to_JMS_ProjMiscCost is completed
[INFO ] 2021-04-14 14:10:08.482 [main] RunAllInForLoop - Process - Unifier_to_JMS_ProjMiscCost is completed
[INFO ] 2021-04-14 14:10:08.675 [main] RunAllInForLoop - Currently JMS_to_OraFin_ProjectMiscCost is Running
[INFO ] 2021-04-14 14:10:08.675 [main] RunAllInForLoop - Currently JMS_to_OraFin_ProjectMiscCost is Running
[INFO ] 2021-04-14 14:10:17.517 [main] RunAllInForLoop - Process - JMS_to_OraFin_ProjectMiscCost is completed
[INFO ] 2021-04-14 14:10:17.517 [main] RunAllInForLoop - Process - JMS_to_OraFin_ProjectMiscCost is completed
[INFO ] 2021-04-14 14:10:17.786 [main] RunAllInForLoop - Currently Ls-WSS_SOAP_EPayment_WUB is Running
[INFO ] 2021-04-14 14:10:17.786 [main] RunAllInForLoop - Currently Ls-WSS_SOAP_EPayment_WUB is Running
[INFO ] 2021-04-14 14:11:13.667 [main] RunAllInForLoop - Process - Ls-WSS_SOAP_EPayment_WUB is completed
[INFO ] 2021-04-14 14:11:13.667 [main] RunAllInForLoop - Process - Ls-WSS_SOAP_EPayment_WUB is completed
[INFO ] 2021-04-14 14:11:13.866 [main] RunAllInForLoop - Currently Ls-JMS_T_CapProject_to_OraFin_Manager is Running
[INFO ] 2021-04-14 14:11:13.866 [main] RunAllInForLoop - Currently Ls-JMS_T_CapProject_to_OraFin_Manager is Running
[INFO ] 2021-04-14 14:11:21.967 [main] RunAllInForLoop - Process - Ls-JMS_T_CapProject_to_OraFin_Manager is completed
[INFO ] 2021-04-14 14:11:21.967 [main] RunAllInForLoop - Process - Ls-JMS_T_CapProject_to_OraFin_Manager is completed
[INFO ] 2021-04-14 14:11:22.209 [main] RunAllInForLoop - Currently OraFin_to_ePay_BACSProcessing is Running
[INFO ] 2021-04-14 14:11:22.209 [main] RunAllInForLoop - Currently OraFin_to_ePay_BACSProcessing is Running
[INFO ] 2021-04-14 14:12:42.321 [main] RunAllInForLoop - Process - OraFin_to_ePay_BACSProcessing is completed
[INFO ] 2021-04-14 14:12:42.321 [main] RunAllInForLoop - Process - OraFin_to_ePay_BACSProcessing is completed
[INFO ] 2021-04-14 14:12:43.557 [main] RunAllInForLoop - Currently OraFin_to_ePay_BACSProcessing_subProcess is Running
[INFO ] 2021-04-14 14:12:43.557 [main] RunAllInForLoop - Currently OraFin_to_ePay_BACSProcessing_subProcess is Running
[INFO ] 2021-04-14 14:16:44.133 [main] RunAllInForLoop - Process - OraFin_to_ePay_BACSProcessing_subProcess is completed
[INFO ] 2021-04-14 14:16:44.133 [main] RunAllInForLoop - Process - OraFin_to_ePay_BACSProcessing_subProcess is completed
[INFO ] 2021-04-14 14:16:44.338 [main] RunAllInForLoop - Currently OraFin_to_Tungsten_PurchaseOrder_Passthru is Running
[INFO ] 2021-04-14 14:16:44.338 [main] RunAllInForLoop - Currently OraFin_to_Tungsten_PurchaseOrder_Passthru is Running
[INFO ] 2021-04-14 14:17:39.120 [main] RunAllInForLoop - Process - OraFin_to_Tungsten_PurchaseOrder_Passthru is completed
[INFO ] 2021-04-14 14:17:39.120 [main] RunAllInForLoop - Process - OraFin_to_Tungsten_PurchaseOrder_Passthru is completed
[INFO ] 2021-04-14 14:17:39.318 [main] RunAllInForLoop - Currently OraFin_to_Tungsten_InvoicePymt_Passthru is Running
[INFO ] 2021-04-14 14:17:39.318 [main] RunAllInForLoop - Currently OraFin_to_Tungsten_InvoicePymt_Passthru is Running
[INFO ] 2021-04-14 14:18:41.058 [main] RunAllInForLoop - Process - OraFin_to_Tungsten_InvoicePymt_Passthru is completed
[INFO ] 2021-04-14 14:18:41.058 [main] RunAllInForLoop - Process - OraFin_to_Tungsten_InvoicePymt_Passthru is completed
[INFO ] 2021-04-14 14:18:41.269 [main] RunAllInForLoop - Currently OraFin_to_JMS_T_APRefund is Running
[INFO ] 2021-04-14 14:18:41.269 [main] RunAllInForLoop - Currently OraFin_to_JMS_T_APRefund is Running
[INFO ] 2021-04-14 14:19:37.340 [main] RunAllInForLoop - Process - OraFin_to_JMS_T_APRefund is completed
[INFO ] 2021-04-14 14:19:37.340 [main] RunAllInForLoop - Process - OraFin_to_JMS_T_APRefund is completed
[INFO ] 2021-04-14 14:19:37.536 [main] RunAllInForLoop - Currently Ls-JMS_T_APrefund_to_WUB is Running
[INFO ] 2021-04-14 14:19:37.536 [main] RunAllInForLoop - Currently Ls-JMS_T_APrefund_to_WUB is Running
[INFO ] 2021-04-14 14:19:44.709 [main] RunAllInForLoop - Process - Ls-JMS_T_APrefund_to_WUB is completed
[INFO ] 2021-04-14 14:19:44.709 [main] RunAllInForLoop - Process - Ls-JMS_T_APrefund_to_WUB is completed
[INFO ] 2021-04-14 14:19:44.899 [main] RunAllInForLoop - Currently WUB_to_OraFin_GLPosting is Running
[INFO ] 2021-04-14 14:19:44.899 [main] RunAllInForLoop - Currently WUB_to_OraFin_GLPosting is Running
[INFO ] 2021-04-14 14:20:48.213 [main] RunAllInForLoop - Process - WUB_to_OraFin_GLPosting is completed
[INFO ] 2021-04-14 14:20:48.213 [main] RunAllInForLoop - Process - WUB_to_OraFin_GLPosting is completed
[INFO ] 2021-04-14 14:20:48.395 [main] RunAllInForLoop - Currently WUB_to_OraFin_GLPosting is Running
[INFO ] 2021-04-14 14:20:48.395 [main] RunAllInForLoop - Currently WUB_to_OraFin_GLPosting is Running
[INFO ] 2021-04-14 14:21:53.132 [main] RunAllInForLoop - Process - WUB_to_OraFin_GLPosting is completed
[INFO ] 2021-04-14 14:21:53.132 [main] RunAllInForLoop - Process - WUB_to_OraFin_GLPosting is completed
[INFO ] 2021-04-14 14:21:53.323 [main] RunAllInForLoop - Currently WUB_to_OraFin_GLPosting_submitESSJobRequest is Running
[INFO ] 2021-04-14 14:21:53.323 [main] RunAllInForLoop - Currently WUB_to_OraFin_GLPosting_submitESSJobRequest is Running
[INFO ] 2021-04-14 14:22:56.880 [main] RunAllInForLoop - Process - WUB_to_OraFin_GLPosting_submitESSJobRequest is completed
[INFO ] 2021-04-14 14:22:56.880 [main] RunAllInForLoop - Process - WUB_to_OraFin_GLPosting_submitESSJobRequest is completed
[INFO ] 2021-04-14 14:22:57.072 [main] RunAllInForLoop - Currently WUB_to_OraFin_GLPosting_submitESSJobRequest is Running
[INFO ] 2021-04-14 14:22:57.072 [main] RunAllInForLoop - Currently WUB_to_OraFin_GLPosting_submitESSJobRequest is Running
[INFO ] 2021-04-14 14:24:01.882 [main] RunAllInForLoop - Process - WUB_to_OraFin_GLPosting_submitESSJobRequest is completed
[INFO ] 2021-04-14 14:24:01.882 [main] RunAllInForLoop - Process - WUB_to_OraFin_GLPosting_submitESSJobRequest is completed
[INFO ] 2021-04-14 14:24:02.070 [main] RunAllInForLoop - Currently WUB_to_OraFin_InvcCreditNotesProject is Running
[INFO ] 2021-04-14 14:24:02.070 [main] RunAllInForLoop - Currently WUB_to_OraFin_InvcCreditNotesProject is Running
[INFO ] 2021-04-14 14:25:08.585 [main] RunAllInForLoop - Process - WUB_to_OraFin_InvcCreditNotesProject is completed
[INFO ] 2021-04-14 14:25:08.585 [main] RunAllInForLoop - Process - WUB_to_OraFin_InvcCreditNotesProject is completed
[INFO ] 2021-04-14 14:25:08.770 [main] RunAllInForLoop - Currently WUB_to_OraFin_InvcCreditNotesProject is Running
[INFO ] 2021-04-14 14:25:08.770 [main] RunAllInForLoop - Currently WUB_to_OraFin_InvcCreditNotesProject is Running
[INFO ] 2021-04-14 14:26:13.950 [main] RunAllInForLoop - Process - WUB_to_OraFin_InvcCreditNotesProject is completed
[INFO ] 2021-04-14 14:26:13.950 [main] RunAllInForLoop - Process - WUB_to_OraFin_InvcCreditNotesProject is completed
[INFO ] 2021-04-14 14:26:14.174 [main] RunAllInForLoop - Currently MSDCRM_to_Disk_NonPrimary is Running
[INFO ] 2021-04-14 14:26:14.174 [main] RunAllInForLoop - Currently MSDCRM_to_Disk_NonPrimary is Running
[INFO ] 2021-04-14 14:26:22.130 [main] RunAllInForLoop - Process - MSDCRM_to_Disk_NonPrimary is completed
[INFO ] 2021-04-14 14:26:22.130 [main] RunAllInForLoop - Process - MSDCRM_to_Disk_NonPrimary is completed
[INFO ] 2021-04-14 14:26:22.326 [main] RunAllInForLoop - Currently Disk_to_JMS_NonPrimary is Running
[INFO ] 2021-04-14 14:26:22.326 [main] RunAllInForLoop - Currently Disk_to_JMS_NonPrimary is Running
[INFO ] 2021-04-14 14:26:29.084 [main] RunAllInForLoop - Process - Disk_to_JMS_NonPrimary is completed
[INFO ] 2021-04-14 14:26:29.084 [main] RunAllInForLoop - Process - Disk_to_JMS_NonPrimary is completed
[INFO ] 2021-04-14 14:26:29.260 [main] RunAllInForLoop - Currently Unifier_to_OraFin_VoucherNA_Opex_submitESSJobRequest is Running
[INFO ] 2021-04-14 14:26:29.260 [main] RunAllInForLoop - Currently Unifier_to_OraFin_VoucherNA_Opex_submitESSJobRequest is Running
[INFO ] 2021-04-14 14:27:24.302 [main] RunAllInForLoop - Process - Unifier_to_OraFin_VoucherNA_Opex_submitESSJobRequest is completed
[INFO ] 2021-04-14 14:27:24.302 [main] RunAllInForLoop - Process - Unifier_to_OraFin_VoucherNA_Opex_submitESSJobRequest is completed
[INFO ] 2021-04-14 14:27:24.490 [main] RunAllInForLoop - Currently Unifier_to_OraFin_VoucherNA_Capex_submitESSJobRequest is Running
[INFO ] 2021-04-14 14:27:24.490 [main] RunAllInForLoop - Currently Unifier_to_OraFin_VoucherNA_Capex_submitESSJobRequest is Running
[INFO ] 2021-04-14 14:28:21.376 [main] RunAllInForLoop - Process - Unifier_to_OraFin_VoucherNA_Capex_submitESSJobRequest is completed
[INFO ] 2021-04-14 14:28:21.376 [main] RunAllInForLoop - Process - Unifier_to_OraFin_VoucherNA_Capex_submitESSJobRequest is completed
[INFO ] 2021-04-14 14:28:21.603 [main] RunAllInForLoop - Currently Update CAPEX WO Activity is Running
[INFO ] 2021-04-14 14:28:21.603 [main] RunAllInForLoop - Currently Update CAPEX WO Activity is Running
[INFO ] 2021-04-14 14:29:18.494 [main] RunAllInForLoop - Process - Update CAPEX WO Activity is completed
[INFO ] 2021-04-14 14:29:18.494 [main] RunAllInForLoop - Process - Update CAPEX WO Activity is completed
[INFO ] 2021-04-14 14:29:18.690 [main] RunAllInForLoop - Currently WUB_to_OraFin_PymtReqCustRefund is Running
[INFO ] 2021-04-14 14:29:18.690 [main] RunAllInForLoop - Currently WUB_to_OraFin_PymtReqCustRefund is Running
[INFO ] 2021-04-14 14:29:56.882 [main] RunAllInForLoop - Process - WUB_to_OraFin_PymtReqCustRefund is completed
[INFO ] 2021-04-14 14:29:56.882 [main] RunAllInForLoop - Process - WUB_to_OraFin_PymtReqCustRefund is completed
[INFO ] 2021-04-14 14:29:57.076 [main] RunAllInForLoop - Currently WUB_to_OraFin_ReceiptsCM is Running
[INFO ] 2021-04-14 14:29:57.076 [main] RunAllInForLoop - Currently WUB_to_OraFin_ReceiptsCM is Running
[INFO ] 2021-04-14 14:31:02.646 [main] RunAllInForLoop - Process - WUB_to_OraFin_ReceiptsCM is completed
[INFO ] 2021-04-14 14:31:02.646 [main] RunAllInForLoop - Process - WUB_to_OraFin_ReceiptsCM is completed
[INFO ] 2021-04-14 14:31:02.839 [main] RunAllInForLoop - Currently WUB_to_OraFin_ReceiptsCM is Running
[INFO ] 2021-04-14 14:31:02.839 [main] RunAllInForLoop - Currently WUB_to_OraFin_ReceiptsCM is Running
[INFO ] 2021-04-14 14:32:08.083 [main] RunAllInForLoop - Process - WUB_to_OraFin_ReceiptsCM is completed
[INFO ] 2021-04-14 14:32:08.083 [main] RunAllInForLoop - Process - WUB_to_OraFin_ReceiptsCM is completed
[INFO ] 2021-04-14 14:32:08.340 [main] RunAllInForLoop - Currently LIMS_To_CDR_Customer is Running
[INFO ] 2021-04-14 14:32:08.340 [main] RunAllInForLoop - Currently LIMS_To_CDR_Customer is Running
[INFO ] 2021-04-14 14:33:04.206 [main] RunAllInForLoop - Process - LIMS_To_CDR_Customer is completed
[INFO ] 2021-04-14 14:33:04.206 [main] RunAllInForLoop - Process - LIMS_To_CDR_Customer is completed
[INFO ] 2021-04-14 14:33:04.410 [main] RunAllInForLoop - Currently LIMS_to_CDR_PRODUCT_SPEC is Running
[INFO ] 2021-04-14 14:33:04.410 [main] RunAllInForLoop - Currently LIMS_to_CDR_PRODUCT_SPEC is Running
[INFO ] 2021-04-14 14:34:03.942 [main] RunAllInForLoop - Process - LIMS_to_CDR_PRODUCT_SPEC is completed
[INFO ] 2021-04-14 14:34:03.942 [main] RunAllInForLoop - Process - LIMS_to_CDR_PRODUCT_SPEC is completed
[INFO ] 2021-04-14 14:34:04.249 [main] RunAllInForLoop - Currently Main_LIMS_to_CDR/PSP_Q/T_RESULT is Running
[INFO ] 2021-04-14 14:34:04.249 [main] RunAllInForLoop - Currently Main_LIMS_to_CDR/PSP_Q/T_RESULT is Running
[INFO ] 2021-04-14 14:35:03.893 [main] RunAllInForLoop - Process - Main_LIMS_to_CDR/PSP_Q/T_RESULT is completed
[INFO ] 2021-04-14 14:35:03.893 [main] RunAllInForLoop - Process - Main_LIMS_to_CDR/PSP_Q/T_RESULT is completed
[INFO ] 2021-04-14 14:35:04.098 [main] RunAllInForLoop - Currently LIMS_to_CDR_SAMPLE is Running
[INFO ] 2021-04-14 14:35:04.098 [main] RunAllInForLoop - Currently LIMS_to_CDR_SAMPLE is Running
[INFO ] 2021-04-14 14:36:02.324 [main] RunAllInForLoop - Process - LIMS_to_CDR_SAMPLE is completed
[INFO ] 2021-04-14 14:36:02.324 [main] RunAllInForLoop - Process - LIMS_to_CDR_SAMPLE is completed
[INFO ] 2021-04-14 14:36:02.774 [main] RunAllInForLoop - Currently LIMS_to_CDR_Sampling_Point is Running
[INFO ] 2021-04-14 14:36:02.774 [main] RunAllInForLoop - Currently LIMS_to_CDR_Sampling_Point is Running
[INFO ] 2021-04-14 14:37:01.013 [main] RunAllInForLoop - Process - LIMS_to_CDR_Sampling_Point is completed
[INFO ] 2021-04-14 14:37:01.013 [main] RunAllInForLoop - Process - LIMS_to_CDR_Sampling_Point is completed
[INFO ] 2021-04-14 14:37:01.418 [main] RunAllInForLoop - Currently LIMS_to_CDR_Q_UNITS is Running
[INFO ] 2021-04-14 14:37:01.418 [main] RunAllInForLoop - Currently LIMS_to_CDR_Q_UNITS is Running
[INFO ] 2021-04-14 14:38:00.178 [main] RunAllInForLoop - Process - LIMS_to_CDR_Q_UNITS is completed
[INFO ] 2021-04-14 14:38:00.178 [main] RunAllInForLoop - Process - LIMS_to_CDR_Q_UNITS is completed
[INFO ] 2021-04-14 14:38:00.451 [main] RunAllInForLoop - Currently LIMS_to_CDR_WaterSource is Running
[INFO ] 2021-04-14 14:38:00.451 [main] RunAllInForLoop - Currently LIMS_to_CDR_WaterSource is Running
[INFO ] 2021-04-14 14:39:02.841 [main] RunAllInForLoop - Process - LIMS_to_CDR_WaterSource is completed
[INFO ] 2021-04-14 14:39:02.841 [main] RunAllInForLoop - Process - LIMS_to_CDR_WaterSource is completed
[INFO ] 2021-04-14 14:39:03.078 [main] RunAllInForLoop - Currently LIMS_to_Hyperion_Parent_Process is Running
[INFO ] 2021-04-14 14:39:03.078 [main] RunAllInForLoop - Currently LIMS_to_Hyperion_Parent_Process is Running
[INFO ] 2021-04-14 14:39:14.384 [main] RunAllInForLoop - Process - LIMS_to_Hyperion_Parent_Process is completed
[INFO ] 2021-04-14 14:39:14.384 [main] RunAllInForLoop - Process - LIMS_to_Hyperion_Parent_Process is completed
[INFO ] 2021-04-14 14:39:22.159 [main] RunAllInForLoop - =====Email Sent=====
[INFO ] 2021-04-14 14:39:22.159 [main] RunAllInForLoop - =====Email Sent=====
