[INFO ] 2021-04-12 16:36:24.687 [main] CommonFilters - Screenshot : Screen captured
[INFO ] 2021-04-12 16:36:39.968 [main] RunAllInForLoop - Currently OraFin_to_CISP_CapitalCosts is Running
[INFO ] 2021-04-12 16:36:39.968 [main] RunAllInForLoop - Currently OraFin_to_CISP_CapitalCosts is Running
[INFO ] 2021-04-12 16:36:49.846 [main] RunAllInForLoop - Process - OraFin_to_CISP_CapitalCosts is completed
[INFO ] 2021-04-12 16:36:49.846 [main] RunAllInForLoop - Process - OraFin_to_CISP_CapitalCosts is completed
[INFO ] 2021-04-12 16:36:50.401 [main] RunAllInForLoop - Currently CISP_to_JMS_T_CapProject is Running
[INFO ] 2021-04-12 16:36:50.401 [main] RunAllInForLoop - Currently CISP_to_JMS_T_CapProject is Running
[INFO ] 2021-04-12 16:36:59.310 [main] RunAllInForLoop - Process - CISP_to_JMS_T_CapProject is completed
[INFO ] 2021-04-12 16:36:59.310 [main] RunAllInForLoop - Process - CISP_to_JMS_T_CapProject is completed
[INFO ] 2021-04-12 16:36:59.646 [main] RunAllInForLoop - Currently WUB_to_Critiqom_BillPrint_Passthru is Running
[INFO ] 2021-04-12 16:36:59.646 [main] RunAllInForLoop - Currently WUB_to_Critiqom_BillPrint_Passthru is Running
[INFO ] 2021-04-12 16:37:58.394 [main] RunAllInForLoop - Process - WUB_to_Critiqom_BillPrint_Passthru is completed
[INFO ] 2021-04-12 16:37:58.394 [main] RunAllInForLoop - Process - WUB_to_Critiqom_BillPrint_Passthru is completed
[INFO ] 2021-04-12 16:37:58.680 [main] RunAllInForLoop - Currently WUB_to_Critiqom_DunningLettersGen_Passthru is Running
[INFO ] 2021-04-12 16:37:58.680 [main] RunAllInForLoop - Currently WUB_to_Critiqom_DunningLettersGen_Passthru is Running
[INFO ] 2021-04-12 16:38:56.773 [main] RunAllInForLoop - Process - WUB_to_Critiqom_DunningLettersGen_Passthru is completed
[INFO ] 2021-04-12 16:38:56.773 [main] RunAllInForLoop - Process - WUB_to_Critiqom_DunningLettersGen_Passthru is completed
[INFO ] 2021-04-12 16:38:57.036 [main] RunAllInForLoop - Currently Ellipse_to_JMS_Q_WOActivity is Running
[INFO ] 2021-04-12 16:38:57.036 [main] RunAllInForLoop - Currently Ellipse_to_JMS_Q_WOActivity is Running
[INFO ] 2021-04-12 16:40:04.495 [main] RunAllInForLoop - Process - Ellipse_to_JMS_Q_WOActivity is completed
[INFO ] 2021-04-12 16:40:04.495 [main] RunAllInForLoop - Process - Ellipse_to_JMS_Q_WOActivity is completed
[INFO ] 2021-04-12 16:40:04.743 [main] RunAllInForLoop - Currently JMS_Q_Activity_OPEX_XML_to_Orafin is Running
[INFO ] 2021-04-12 16:40:04.743 [main] RunAllInForLoop - Currently JMS_Q_Activity_OPEX_XML_to_Orafin is Running
[INFO ] 2021-04-12 16:45:52.601 [main] RunAllInForLoop - Process - JMS_Q_Activity_OPEX_XML_to_Orafin is completed
[INFO ] 2021-04-12 16:45:52.601 [main] RunAllInForLoop - Process - JMS_Q_Activity_OPEX_XML_to_Orafin is completed
[INFO ] 2021-04-12 16:45:53.076 [main] RunAllInForLoop - Currently JMS_Q_Activity_CAPEX_XML_to_Orafin is Running
[INFO ] 2021-04-12 16:45:53.076 [main] RunAllInForLoop - Currently JMS_Q_Activity_CAPEX_XML_to_Orafin is Running
[INFO ] 2021-04-12 16:49:49.780 [main] RunAllInForLoop - Process - JMS_Q_Activity_CAPEX_XML_to_Orafin is completed
[INFO ] 2021-04-12 16:49:49.780 [main] RunAllInForLoop - Process - JMS_Q_Activity_CAPEX_XML_to_Orafin is completed
[INFO ] 2021-04-12 16:49:50.099 [main] RunAllInForLoop - Currently Ellipse_to_JMS_Q_BillIN_XML_Billing is Running
[INFO ] 2021-04-12 16:49:50.099 [main] RunAllInForLoop - Currently Ellipse_to_JMS_Q_BillIN_XML_Billing is Running
[INFO ] 2021-04-12 16:51:35.398 [main] RunAllInForLoop - Process - Ellipse_to_JMS_Q_BillIN_XML_Billing is completed
[INFO ] 2021-04-12 16:51:35.398 [main] RunAllInForLoop - Process - Ellipse_to_JMS_Q_BillIN_XML_Billing is completed
[INFO ] 2021-04-12 16:51:35.613 [main] RunAllInForLoop - Currently Ellipse_to_Orafin_POReceipts_test is Running
[INFO ] 2021-04-12 16:51:35.613 [main] RunAllInForLoop - Currently Ellipse_to_Orafin_POReceipts_test is Running
[INFO ] 2021-04-12 17:03:35.518 [main] RunAllInForLoop - Process - Ellipse_to_Orafin_POReceipts_test is completed
[INFO ] 2021-04-12 17:03:35.518 [main] RunAllInForLoop - Process - Ellipse_to_Orafin_POReceipts_test is completed
[INFO ] 2021-04-12 17:03:35.809 [main] RunAllInForLoop - Currently Ellipse_To_Orafin_POCreate_test is Running
[INFO ] 2021-04-12 17:03:35.809 [main] RunAllInForLoop - Currently Ellipse_To_Orafin_POCreate_test is Running
[INFO ] 2021-04-12 17:14:16.205 [main] RunAllInForLoop - Process - Ellipse_To_Orafin_POCreate_test is completed
[INFO ] 2021-04-12 17:14:16.205 [main] RunAllInForLoop - Process - Ellipse_To_Orafin_POCreate_test is completed
[INFO ] 2021-04-12 17:14:16.533 [main] RunAllInForLoop - Currently Ellipse_to_JMS_Q_WOCost_XML_WOStockIssue is Running
[INFO ] 2021-04-12 17:14:16.533 [main] RunAllInForLoop - Currently Ellipse_to_JMS_Q_WOCost_XML_WOStockIssue is Running
[INFO ] 2021-04-12 17:15:31.827 [main] RunAllInForLoop - Process - Ellipse_to_JMS_Q_WOCost_XML_WOStockIssue is completed
[INFO ] 2021-04-12 17:15:31.827 [main] RunAllInForLoop - Process - Ellipse_to_JMS_Q_WOCost_XML_WOStockIssue is completed
[INFO ] 2021-04-12 17:15:32.021 [main] RunAllInForLoop - Currently Ellipse_to_JMS_Q_WOCost_XML_WOLaborCost is Running
[INFO ] 2021-04-12 17:15:32.021 [main] RunAllInForLoop - Currently Ellipse_to_JMS_Q_WOCost_XML_WOLaborCost is Running
[INFO ] 2021-04-12 17:17:03.294 [main] RunAllInForLoop - Process - Ellipse_to_JMS_Q_WOCost_XML_WOLaborCost is completed
[INFO ] 2021-04-12 17:17:03.294 [main] RunAllInForLoop - Process - Ellipse_to_JMS_Q_WOCost_XML_WOLaborCost is completed
[INFO ] 2021-04-12 17:17:03.681 [main] RunAllInForLoop - Currently JMS_Q_WOCost_XML_to_OraFin is Running
[INFO ] 2021-04-12 17:17:03.681 [main] RunAllInForLoop - Currently JMS_Q_WOCost_XML_to_OraFin is Running
[INFO ] 2021-04-12 17:24:51.784 [main] RunAllInForLoop - Process - JMS_Q_WOCost_XML_to_OraFin is completed
[INFO ] 2021-04-12 17:24:51.784 [main] RunAllInForLoop - Process - JMS_Q_WOCost_XML_to_OraFin is completed
[INFO ] 2021-04-12 17:24:52.066 [main] RunAllInForLoop - Currently Gemini_to_WUB_STBillDtls is Running
[INFO ] 2021-04-12 17:24:52.066 [main] RunAllInForLoop - Currently Gemini_to_WUB_STBillDtls is Running
[INFO ] 2021-04-12 17:26:05.925 [main] RunAllInForLoop - Process - Gemini_to_WUB_STBillDtls is completed
[INFO ] 2021-04-12 17:26:05.925 [main] RunAllInForLoop - Process - Gemini_to_WUB_STBillDtls is completed
[INFO ] 2021-04-12 17:26:06.497 [main] RunAllInForLoop - Currently Gemini_to_WUB_NewCustCreation is Running
[INFO ] 2021-04-12 17:26:06.497 [main] RunAllInForLoop - Currently Gemini_to_WUB_NewCustCreation is Running
[INFO ] 2021-04-12 17:27:25.645 [main] RunAllInForLoop - Process - Gemini_to_WUB_NewCustCreation is completed
[INFO ] 2021-04-12 17:27:25.645 [main] RunAllInForLoop - Process - Gemini_to_WUB_NewCustCreation is completed
[INFO ] 2021-04-12 17:27:26.207 [main] RunAllInForLoop - Currently WUB_to_JMS_Q_NewCustRef is Running
[INFO ] 2021-04-12 17:27:26.207 [main] RunAllInForLoop - Currently WUB_to_JMS_Q_NewCustRef is Running
[INFO ] 2021-04-12 17:28:27.352 [main] RunAllInForLoop - Process - WUB_to_JMS_Q_NewCustRef is completed
[INFO ] 2021-04-12 17:28:27.352 [main] RunAllInForLoop - Process - WUB_to_JMS_Q_NewCustRef is completed
[INFO ] 2021-04-12 17:28:27.832 [main] RunAllInForLoop - Currently JMS_Q_to_Gemini_NewCustRef is Running
[INFO ] 2021-04-12 17:28:27.832 [main] RunAllInForLoop - Currently JMS_Q_to_Gemini_NewCustRef is Running
[INFO ] 2021-04-12 17:29:24.312 [main] RunAllInForLoop - Process - JMS_Q_to_Gemini_NewCustRef is completed
[INFO ] 2021-04-12 17:29:24.312 [main] RunAllInForLoop - Process - JMS_Q_to_Gemini_NewCustRef is completed
[INFO ] 2021-04-12 17:29:24.530 [main] RunAllInForLoop - Currently WUB_to_JMS_Q_NewInvcBill is Running
[INFO ] 2021-04-12 17:29:24.530 [main] RunAllInForLoop - Currently WUB_to_JMS_Q_NewInvcBill is Running
[INFO ] 2021-04-12 17:30:28.911 [main] RunAllInForLoop - Process - WUB_to_JMS_Q_NewInvcBill is completed
[INFO ] 2021-04-12 17:30:28.911 [main] RunAllInForLoop - Process - WUB_to_JMS_Q_NewInvcBill is completed
[INFO ] 2021-04-12 17:30:29.255 [main] RunAllInForLoop - Currently JMS_Q_to_Gemini_NewInvcBill is Running
[INFO ] 2021-04-12 17:30:29.255 [main] RunAllInForLoop - Currently JMS_Q_to_Gemini_NewInvcBill is Running
[INFO ] 2021-04-12 17:31:34.821 [main] RunAllInForLoop - Process - JMS_Q_to_Gemini_NewInvcBill is completed
[INFO ] 2021-04-12 17:31:34.821 [main] RunAllInForLoop - Process - JMS_Q_to_Gemini_NewInvcBill is completed
[INFO ] 2021-04-12 17:31:35.018 [main] RunAllInForLoop - Currently WUB_to_JMS_Q_PymtDtls is Running
[INFO ] 2021-04-12 17:31:35.018 [main] RunAllInForLoop - Currently WUB_to_JMS_Q_PymtDtls is Running
[INFO ] 2021-04-12 17:32:31.290 [main] RunAllInForLoop - Process - WUB_to_JMS_Q_PymtDtls is completed
[INFO ] 2021-04-12 17:32:31.290 [main] RunAllInForLoop - Process - WUB_to_JMS_Q_PymtDtls is completed
[INFO ] 2021-04-12 17:32:31.484 [main] RunAllInForLoop - Currently JMS_Q_to_Gemini_PymtDtls is Running
[INFO ] 2021-04-12 17:32:31.484 [main] RunAllInForLoop - Currently JMS_Q_to_Gemini_PymtDtls is Running
[INFO ] 2021-04-12 17:33:31.122 [main] RunAllInForLoop - Process - JMS_Q_to_Gemini_PymtDtls is completed
[INFO ] 2021-04-12 17:33:31.122 [main] RunAllInForLoop - Process - JMS_Q_to_Gemini_PymtDtls is completed
[INFO ] 2021-04-12 17:33:31.326 [main] RunAllInForLoop - Currently MSD365_to_JMS_Q_WUB_BillDtls is Running
[INFO ] 2021-04-12 17:33:31.326 [main] RunAllInForLoop - Currently MSD365_to_JMS_Q_WUB_BillDtls is Running
[INFO ] 2021-04-12 17:42:04.862 [main] RunAllInForLoop - Process - MSD365_to_JMS_Q_WUB_BillDtls is completed
[INFO ] 2021-04-12 17:42:04.862 [main] RunAllInForLoop - Process - MSD365_to_JMS_Q_WUB_BillDtls is completed
[INFO ] 2021-04-12 17:42:05.134 [main] RunAllInForLoop - Currently JMS_Q_InvoiceCDM_to_WUB_BillDtls is Running
[INFO ] 2021-04-12 17:42:05.134 [main] RunAllInForLoop - Currently JMS_Q_InvoiceCDM_to_WUB_BillDtls is Running
[INFO ] 2021-04-12 18:27:58.876 [main] RunAllInForLoop - Process - JMS_Q_InvoiceCDM_to_WUB_BillDtls is completed
[INFO ] 2021-04-12 18:27:58.876 [main] RunAllInForLoop - Process - JMS_Q_InvoiceCDM_to_WUB_BillDtls is completed
[INFO ] 2021-04-12 18:27:59.123 [main] RunAllInForLoop - Currently WUB_to_JMS_Q_NewDomesticBillDtls is Running
[INFO ] 2021-04-12 18:27:59.123 [main] RunAllInForLoop - Currently WUB_to_JMS_Q_NewDomesticBillDtls is Running
[INFO ] 2021-04-12 18:29:07.348 [main] RunAllInForLoop - Process - WUB_to_JMS_Q_NewDomesticBillDtls is completed
[INFO ] 2021-04-12 18:29:07.348 [main] RunAllInForLoop - Process - WUB_to_JMS_Q_NewDomesticBillDtls is completed
[INFO ] 2021-04-12 18:29:07.568 [main] RunAllInForLoop - Currently Ls-JMS_Q_MSD365_NewDomesticBillDtls is Running
[INFO ] 2021-04-12 18:29:07.568 [main] RunAllInForLoop - Currently Ls-JMS_Q_MSD365_NewDomesticBillDtls is Running
[INFO ] 2021-04-12 18:31:55.649 [main] RunAllInForLoop - Process - Ls-JMS_Q_MSD365_NewDomesticBillDtls is completed
[INFO ] 2021-04-12 18:31:55.649 [main] RunAllInForLoop - Process - Ls-JMS_Q_MSD365_NewDomesticBillDtls is completed
[INFO ] 2021-04-12 18:31:55.857 [main] RunAllInForLoop - Currently MSD365_to_JMS_Q_Uplift_Provisions is Running
[INFO ] 2021-04-12 18:31:55.857 [main] RunAllInForLoop - Currently MSD365_to_JMS_Q_Uplift_Provisions is Running
[INFO ] 2021-04-12 18:32:03.467 [main] RunAllInForLoop - Process - MSD365_to_JMS_Q_Uplift_Provisions is completed
[INFO ] 2021-04-12 18:32:03.467 [main] RunAllInForLoop - Process - MSD365_to_JMS_Q_Uplift_Provisions is completed
[INFO ] 2021-04-12 18:32:03.703 [main] RunAllInForLoop - Currently JMS_Q_to_OraFin_Uplift&Provisions is Running
[INFO ] 2021-04-12 18:32:03.703 [main] RunAllInForLoop - Currently JMS_Q_to_OraFin_Uplift&Provisions is Running
[INFO ] 2021-04-12 18:33:20.350 [main] RunAllInForLoop - Process - JMS_Q_to_OraFin_Uplift&Provisions is completed
[INFO ] 2021-04-12 18:33:20.350 [main] RunAllInForLoop - Process - JMS_Q_to_OraFin_Uplift&Provisions is completed
[INFO ] 2021-04-12 18:33:20.550 [main] RunAllInForLoop - Currently MSD365_to_JMS_Q_RCC_Payment is Running
[INFO ] 2021-04-12 18:33:20.550 [main] RunAllInForLoop - Currently MSD365_to_JMS_Q_RCC_Payment is Running
[INFO ] 2021-04-12 18:33:28.099 [main] RunAllInForLoop - Process - MSD365_to_JMS_Q_RCC_Payment is completed
[INFO ] 2021-04-12 18:33:28.099 [main] RunAllInForLoop - Process - MSD365_to_JMS_Q_RCC_Payment is completed
[INFO ] 2021-04-12 18:33:28.332 [main] RunAllInForLoop - Currently Ls-JMS_Q_to_OraFin_RCC_Payment is Running
[INFO ] 2021-04-12 18:33:28.332 [main] RunAllInForLoop - Currently Ls-JMS_Q_to_OraFin_RCC_Payment is Running
[INFO ] 2021-04-12 18:33:35.612 [main] RunAllInForLoop - Process - Ls-JMS_Q_to_OraFin_RCC_Payment is completed
[INFO ] 2021-04-12 18:33:35.612 [main] RunAllInForLoop - Process - Ls-JMS_Q_to_OraFin_RCC_Payment is completed
[INFO ] 2021-04-12 18:33:35.834 [main] RunAllInForLoop - Currently MSD365_to_JMS_Q_Non_Domestic_Billing_Intermediate is Running
[INFO ] 2021-04-12 18:33:35.834 [main] RunAllInForLoop - Currently MSD365_to_JMS_Q_Non_Domestic_Billing_Intermediate is Running
[INFO ] 2021-04-12 18:39:44.367 [main] RunAllInForLoop - Process - MSD365_to_JMS_Q_Non_Domestic_Billing_Intermediate is completed
[INFO ] 2021-04-12 18:39:44.367 [main] RunAllInForLoop - Process - MSD365_to_JMS_Q_Non_Domestic_Billing_Intermediate is completed
[INFO ] 2021-04-12 18:39:44.571 [main] RunAllInForLoop - Currently MSD365_to_JMS_Q_Non_Domestic_Billing is Running
[INFO ] 2021-04-12 18:39:44.571 [main] RunAllInForLoop - Currently MSD365_to_JMS_Q_Non_Domestic_Billing is Running
[INFO ] 2021-04-12 18:46:10.545 [main] RunAllInForLoop - Process - MSD365_to_JMS_Q_Non_Domestic_Billing is completed
[INFO ] 2021-04-12 18:46:10.545 [main] RunAllInForLoop - Process - MSD365_to_JMS_Q_Non_Domestic_Billing is completed
[INFO ] 2021-04-12 18:46:10.799 [main] RunAllInForLoop - Currently OraFin_to_JMS_Q_ProjectsInfo is Running
[INFO ] 2021-04-12 18:46:10.799 [main] RunAllInForLoop - Currently OraFin_to_JMS_Q_ProjectsInfo is Running
[INFO ] 2021-04-12 18:48:23.976 [main] RunAllInForLoop - Process - OraFin_to_JMS_Q_ProjectsInfo is completed
[INFO ] 2021-04-12 18:48:23.976 [main] RunAllInForLoop - Process - OraFin_to_JMS_Q_ProjectsInfo is completed
[INFO ] 2021-04-12 18:48:24.162 [main] RunAllInForLoop - Currently JMS_Q_to_WUB_ProjectsInfo is Running
[INFO ] 2021-04-12 18:48:24.162 [main] RunAllInForLoop - Currently JMS_Q_to_WUB_ProjectsInfo is Running
[INFO ] 2021-04-12 18:53:15.666 [main] CommonFilters - Process count does not matched19547 != 25844
[INFO ] 2021-04-12 18:53:16.878 [main] RunAllInForLoop - Process - JMS_Q_to_WUB_ProjectsInfo is completed
[INFO ] 2021-04-12 18:53:16.878 [main] RunAllInForLoop - Process - JMS_Q_to_WUB_ProjectsInfo is completed
[INFO ] 2021-04-12 18:53:17.147 [main] RunAllInForLoop - Currently JMS_Q_BillIN_XML_to_WUB_Billing is Running
[INFO ] 2021-04-12 18:53:17.147 [main] RunAllInForLoop - Currently JMS_Q_BillIN_XML_to_WUB_Billing is Running
